Determining if the pthread_create exist failed with the following output:
Change Dir: /home/fx/Dropbox/catkin_ws/src/ORB_SLAM2/Examples/ROS/ORB_SLAM2/build/CMakeFiles/CMakeTmp

Run Build Command:"/usr/bin/make" "cmTryCompileExec3022612468/fast"
/usr/bin/make -f CMakeFiles/cmTryCompileExec3022612468.dir/build.make CMakeFiles/cmTryCompileExec3022612468.dir/build
make[1]: Entering directory `/home/fx/Dropbox/catkin_ws/src/ORB_SLAM2/Examples/ROS/ORB_SLAM2/build/CMakeFiles/CMakeTmp'
/usr/bin/cmake -E cmake_progress_report /home/fx/Dropbox/catkin_ws/src/ORB_SLAM2/Examples/ROS/ORB_SLAM2/build/CMakeFiles/CMakeTmp/CMakeFiles 1
Building C object CMakeFiles/cmTryCompileExec3022612468.dir/CheckSymbolExists.c.o
/usr/bin/cc    -o CMakeFiles/cmTryCompileExec3022612468.dir/CheckSymbolExists.c.o   -c /home/fx/Dropbox/catkin_ws/src/ORB_SLAM2/Examples/ROS/ORB_SLAM2/build/CMakeFiles/CMakeTmp/CheckSymbolExists.c
Linking C executable cmTryCompileExec3022612468
/usr/bin/cmake -E cmake_link_script CMakeFiles/cmTryCompileExec3022612468.dir/link.txt --verbose=1
/usr/bin/cc       CMakeFiles/cmTryCompileExec3022612468.dir/CheckSymbolExists.c.o  -o cmTryCompileExec3022612468 -rdynamic 
CMakeFiles/cmTryCompileExec3022612468.dir/CheckSymbolExists.c.o: In function `main':
CheckSymbolExists.c:(.text+0x16): undefined reference to `pthread_create'
collect2: error: ld returned 1 exit status
make[1]: *** [cmTryCompileExec3022612468] Error 1
make[1]: Leaving directory `/home/fx/Dropbox/catkin_ws/src/ORB_SLAM2/Examples/ROS/ORB_SLAM2/build/CMakeFiles/CMakeTmp'
make: *** [cmTryCompileExec3022612468/fast] Error 2

File /home/fx/Dropbox/catkin_ws/src/ORB_SLAM2/Examples/ROS/ORB_SLAM2/build/CMakeFiles/CMakeTmp/CheckSymbolExists.c:
/* */
#include <pthread.h>

int main(int argc, char** argv)
{
  (void)argv;
#ifndef pthread_create
  return ((int*)(&pthread_create))[argc];
#else
  (void)argc;
  return 0;
#endif
}

Determining if the function pthread_create exists in the pthreads failed with the following output:
Change Dir: /home/fx/Dropbox/catkin_ws/src/ORB_SLAM2/Examples/ROS/ORB_SLAM2/build/CMakeFiles/CMakeTmp

Run Build Command:"/usr/bin/make" "cmTryCompileExec2992446921/fast"
/usr/bin/make -f CMakeFiles/cmTryCompileExec2992446921.dir/build.make CMakeFiles/cmTryCompileExec2992446921.dir/build
make[1]: Entering directory `/home/fx/Dropbox/catkin_ws/src/ORB_SLAM2/Examples/ROS/ORB_SLAM2/build/CMakeFiles/CMakeTmp'
/usr/bin/cmake -E cmake_progress_report /home/fx/Dropbox/catkin_ws/src/ORB_SLAM2/Examples/ROS/ORB_SLAM2/build/CMakeFiles/CMakeTmp/CMakeFiles 1
Building C object CMakeFiles/cmTryCompileExec2992446921.dir/CheckFunctionExists.c.o
/usr/bin/cc   -DCHECK_FUNCTION_EXISTS=pthread_create   -o CMakeFiles/cmTryCompileExec2992446921.dir/CheckFunctionExists.c.o   -c /usr/share/cmake-3.2/Modules/CheckFunctionExists.c
Linking C executable cmTryCompileExec2992446921
/usr/bin/cmake -E cmake_link_script CMakeFiles/cmTryCompileExec2992446921.dir/link.txt --verbose=1
/usr/bin/cc   -DCHECK_FUNCTION_EXISTS=pthread_create    CMakeFiles/cmTryCompileExec2992446921.dir/CheckFunctionExists.c.o  -o cmTryCompileExec2992446921 -rdynamic -lpthreads 
/usr/bin/ld: cannot find -lpthreads
collect2: error: ld returned 1 exit status
make[1]: *** [cmTryCompileExec2992446921] Error 1
make[1]: Leaving directory `/home/fx/Dropbox/catkin_ws/src/ORB_SLAM2/Examples/ROS/ORB_SLAM2/build/CMakeFiles/CMakeTmp'
make: *** [cmTryCompileExec2992446921/fast] Error 2


